Using pre-set license
Built from '2020.3/staging' branch; Version is '2020.3.4f1 (0abb6314276a) revision 703331'; Using compiler version '192528614'; Build Type 'Release'
OS: 'Windows 10 Home; OS build 19042.928; Version 2009; 64bit' Language: 'en' Physical Memory: 3522 MB
BatchMode: 1, IsHumanControllingUs: 0, StartBugReporterOnCrash: 0, Is64bit: 1, IsPro: 0

 COMMAND LINE ARGUMENTS:
C:\Unity\2020.3.4f1\Editor\Unity.exe
-adb2
-batchMode
-noUpm
-name
AssetImportWorker2
-projectPath
C:/C#/connect4_sc
-logFile
Logs/AssetImportWorker2.log
-srvPort
60610
Successfully changed project path to: C:/C#/connect4_sc
C:/C#/connect4_sc
Using Asset Import Pipeline V2.
Refreshing native plugins compatible for Editor in 103.77 ms, found 0 plugins.
Preloading 0 native plugins for Editor in 0.00 ms.
Initialize engine version: 2020.3.4f1 (0abb6314276a)
[Subsystems] Discovering subsystems at path C:/Unity/2020.3.4f1/Editor/Data/Resources/UnitySubsystems
[Subsystems] Discovering subsystems at path C:/C#/connect4_sc/Assets
GfxDevice: creating device client; threaded=0
Direct3D:
    Version:  Direct3D 11.0 [level 11.1]
    Renderer: AMD Radeon(TM) Vega 3 Graphics (ID=0x15d8)
    Vendor:   
    VRAM:     1761 MB
    Driver:   26.20.14048.2
Initialize mono
Mono path[0] = 'C:/Unity/2020.3.4f1/Editor/Data/Managed'
Mono path[1] = 'C:/Unity/2020.3.4f1/Editor/Data/MonoBleedingEdge/lib/mono/unityjit'
Mono config path = 'C:/Unity/2020.3.4f1/Editor/Data/MonoBleedingEdge/etc'
Using monoOptions --debugger-agent=transport=dt_socket,embedding=1,server=y,suspend=n,address=127.0.0.1:56092
Begin MonoManager ReloadAssembly
Registering precompiled unity dll's ...
Register platform support module: C:/Unity/2020.3.4f1/Editor/Data/PlaybackEngines/WindowsStandaloneSupport/UnityEditor.WindowsStandalone.Extensions.dll
Registered in 0.008866 seconds.
Native extension for WindowsStandalone target not found
Refreshing native plugins compatible for Editor in 57.71 ms, found 0 plugins.
Preloading 0 native plugins for Editor in 0.00 ms.
Mono: successfully reloaded assembly
- Completed reload, in  5.517 seconds
Platform modules already initialized, skipping
Registering precompiled user dll's ...
Registered in 0.002838 seconds.
Begin MonoManager ReloadAssembly
Native extension for WindowsStandalone target not found
Refreshing native plugins compatible for Editor in 0.78 ms, found 0 plugins.
Preloading 0 native plugins for Editor in 0.00 ms.
Mono: successfully reloaded assembly
- Completed reload, in  2.124 seconds
Platform modules already initialized, skipping
========================================================================
Worker process is ready to serve import requests
Launched and connected shader compiler UnityShaderCompiler.exe after 0.20 seconds
Refreshing native plugins compatible for Editor in 0.44 ms, found 0 plugins.
Preloading 0 native plugins for Editor in 0.00 ms.
Unloading 1120 Unused Serialized files (Serialized files now loaded: 0)
System memory in use before: 57.3 MB.
System memory in use after: 57.4 MB.

Unloading 10 unused Assets to reduce memory usage. Loaded Objects now: 1563.
Total: 12.399700 ms (FindLiveObjects: 0.491100 ms CreateObjectMapping: 0.051200 ms MarkObjects: 11.211200 ms  DeleteObjects: 0.642800 ms)

========================================================================
Received Import Request.
  path: Assets/Scripts/Connect4Backend.cs
  artifactKey: Guid(10649d4ee786cd547a09d3c7e5107ba9) Importer(815301076,1909f56bfc062723c751e8b465ee728b)
Start importing Assets/Scripts/Connect4Backend.cs using Guid(10649d4ee786cd547a09d3c7e5107ba9) Importer(815301076,1909f56bfc062723c751e8b465ee728b)  -> (artifact id: 'fb2bcb754037a1d15624c0386dffb203') in 0.290217 seconds
  Import took 0.297940 seconds .

========================================================================
Received Import Request.
  Time since last request: 0.002589 seconds.
  path: Assets/Scripts/MainMenu.cs
  artifactKey: Guid(c50b6051acd2a6543b896713b80690b8) Importer(815301076,1909f56bfc062723c751e8b465ee728b)
Start importing Assets/Scripts/MainMenu.cs using Guid(c50b6051acd2a6543b896713b80690b8) Importer(815301076,1909f56bfc062723c751e8b465ee728b)  -> (artifact id: '0554f18194173f80433ac5105131c03c') in 0.021490 seconds
  Import took 0.026992 seconds .

========================================================================
Received Import Request.
  Time since last request: 0.001278 seconds.
  path: Assets/Scripts/UIHandler.cs
  artifactKey: Guid(d4d533cef59548140bd4a7c43c054a21) Importer(815301076,1909f56bfc062723c751e8b465ee728b)
Start importing Assets/Scripts/UIHandler.cs using Guid(d4d533cef59548140bd4a7c43c054a21) Importer(815301076,1909f56bfc062723c751e8b465ee728b)  -> (artifact id: '6d389ac0fc5784cf56b8d5353d77d847') in 0.024619 seconds
  Import took 0.029518 seconds .

========================================================================
Received Import Request.
  Time since last request: 0.000528 seconds.
  path: Assets/Scripts/SimpleSpin.cs
  artifactKey: Guid(e2d845f9f6f272a45a37c670e3635932) Importer(815301076,1909f56bfc062723c751e8b465ee728b)
Start importing Assets/Scripts/SimpleSpin.cs using Guid(e2d845f9f6f272a45a37c670e3635932) Importer(815301076,1909f56bfc062723c751e8b465ee728b)  -> (artifact id: 'ee80052f07003ebd65a7e30b8ed56131') in 0.022450 seconds
  Import took 0.027444 seconds .

========================================================================
Received Import Request.
  Time since last request: 333.104689 seconds.
  path: Packages/com.unity.ide.rider
  artifactKey: Guid(ea5aa18a49e4f29d74984ea0ea11a238) Importer(815301076,1909f56bfc062723c751e8b465ee728b)
Start importing Packages/com.unity.ide.rider using Guid(ea5aa18a49e4f29d74984ea0ea11a238) Importer(815301076,1909f56bfc062723c751e8b465ee728b)  -> (artifact id: '1bd323c97aa2e212f9c1b391de2fc1d0') in 0.056655 seconds
  Import took 0.174645 seconds .

========================================================================
Received Import Request.
  Time since last request: 0.001834 seconds.
  path: Packages/com.unity.ide.rider/package.json
  artifactKey: Guid(66c95bb3c74257f41bae2622511dc02d) Importer(815301076,1909f56bfc062723c751e8b465ee728b)
Start importing Packages/com.unity.ide.rider/package.json using Guid(66c95bb3c74257f41bae2622511dc02d) Importer(815301076,1909f56bfc062723c751e8b465ee728b)  -> (artifact id: '42b18ba614e28be7214cbf2d40eedc09') in 3.138696 seconds
  Import took 3.149994 seconds .

========================================================================
Received Import Request.
  Time since last request: 0.009016 seconds.
  path: Packages/com.unity.ide.rider/CHANGELOG.md
  artifactKey: Guid(8645aa9c3c74fb34ba9499e14fb332b5) Importer(815301076,1909f56bfc062723c751e8b465ee728b)
Start importing Packages/com.unity.ide.rider/CHANGELOG.md using Guid(8645aa9c3c74fb34ba9499e14fb332b5) Importer(815301076,1909f56bfc062723c751e8b465ee728b)  -> (artifact id: '1213da8a86665df635b0ce2908536443') in 0.629987 seconds
  Import took 0.766651 seconds .

========================================================================
Received Import Request.
  Time since last request: 0.001046 seconds.
  path: Packages/com.unity.ide.rider/CONTRIBUTING.md
  artifactKey: Guid(5e83f8baac96eaa47bdd9ca781cd2002) Importer(815301076,1909f56bfc062723c751e8b465ee728b)
Start importing Packages/com.unity.ide.rider/CONTRIBUTING.md using Guid(5e83f8baac96eaa47bdd9ca781cd2002) Importer(815301076,1909f56bfc062723c751e8b465ee728b)  -> (artifact id: '8c8433ba58682e05c6c3ef4ee7d28eb2') in 0.059338 seconds
  Import took 1.205254 seconds .

========================================================================
Received Import Request.
  Time since last request: 0.013915 seconds.
  path: Packages/com.unity.ide.rider/LICENSE.md
  artifactKey: Guid(5598b14661b5f4c43bed757f34b6d172) Importer(815301076,1909f56bfc062723c751e8b465ee728b)
Start importing Packages/com.unity.ide.rider/LICENSE.md using Guid(5598b14661b5f4c43bed757f34b6d172) Importer(815301076,1909f56bfc062723c751e8b465ee728b)  -> (artifact id: 'ee6ec34c58998625129b21c30b3e7945') in 0.176111 seconds
  Import took 0.334398 seconds .

AssetImportWorkerClient::OnTransportError - code=2 error=End of file
